<?xml version="1.0" encoding="UTF-8"?>
<testng-results ignored="0" total="4" passed="3" failed="1" skipped="0">
  <reporter-output>
  </reporter-output>
  <suite started-at="2022-07-09T09:25:34 IST" name="Suite" finished-at="2022-07-09T09:26:27 IST" duration-ms="52858">
    <groups>
    </groups>
    <test started-at="2022-07-09T09:25:34 IST" name="Test" finished-at="2022-07-09T09:26:27 IST" duration-ms="52858">
      <class name="ComKiteQaTestCases.HomePageTest">
        <test-method is-config="true" signature="setup()[pri:0, instance:ComKiteQaTestCases.HomePageTest@4a9e6faf]" started-at="2022-07-09T09:25:34 IST" name="setup" finished-at="2022-07-09T09:25:38 IST" duration-ms="4507" status="PASS">
          <reporter-output>
          </reporter-output>
        </test-method> <!-- setup -->
        <test-method signature="HomepageTitle()[pri:0, instance:ComKiteQaTestCases.HomePageTest@4a9e6faf]" started-at="2022-07-09T09:25:38 IST" name="HomepageTitle" finished-at="2022-07-09T09:25:40 IST" duration-ms="2032" status="PASS">
          <reporter-output>
          </reporter-output>
        </test-method> <!-- HomepageTitle -->
        <test-method is-config="true" signature="TearDown()[pri:0, instance:ComKiteQaTestCases.HomePageTest@4a9e6faf]" started-at="2022-07-09T09:25:40 IST" name="TearDown" finished-at="2022-07-09T09:25:44 IST" duration-ms="3262" status="PASS">
          <reporter-output>
          </reporter-output>
        </test-method> <!-- TearDown -->
      </class> <!-- ComKiteQaTestCases.HomePageTest -->
      <class name="ComKiteQaTestCases.LoginPageTest">
        <test-method is-config="true" signature="setup()[pri:0, instance:ComKiteQaTestCases.LoginPageTest@6928f576]" started-at="2022-07-09T09:25:44 IST" name="setup" finished-at="2022-07-09T09:25:46 IST" duration-ms="2601" status="PASS">
          <reporter-output>
          </reporter-output>
        </test-method> <!-- setup -->
        <test-method signature="loginTest()[pri:1, instance:ComKiteQaTestCases.LoginPageTest@6928f576]" started-at="2022-07-09T09:25:46 IST" name="loginTest" finished-at="2022-07-09T09:25:59 IST" duration-ms="13241" status="PASS">
          <reporter-output>
          </reporter-output>
        </test-method> <!-- loginTest -->
        <test-method is-config="true" signature="teardown()[pri:0, instance:ComKiteQaTestCases.LoginPageTest@6928f576]" started-at="2022-07-09T09:25:59 IST" name="teardown" finished-at="2022-07-09T09:26:03 IST" duration-ms="3216" status="PASS">
          <reporter-output>
          </reporter-output>
        </test-method> <!-- teardown -->
        <test-method is-config="true" signature="setup()[pri:0, instance:ComKiteQaTestCases.LoginPageTest@6928f576]" started-at="2022-07-09T09:26:03 IST" name="setup" finished-at="2022-07-09T09:26:05 IST" duration-ms="2527" status="PASS">
          <reporter-output>
          </reporter-output>
        </test-method> <!-- setup -->
        <test-method signature="HomePageTitleTest()[pri:2, instance:ComKiteQaTestCases.LoginPageTest@6928f576]" started-at="2022-07-09T09:26:05 IST" name="HomePageTitleTest" finished-at="2022-07-09T09:26:07 IST" duration-ms="2014" status="FAIL">
          <exception class="java.lang.AssertionError">
            <message>
              <![CDATA[expected [ite - Zerodha's fast and elegant flagship trading platform] but found [Kite - Zerodha's fast and elegant flagship trading platform]]]>
            </message>
            <full-stacktrace>
              <![CDATA[java.lang.AssertionError: expected [ite - Zerodha's fast and elegant flagship trading platform] but found [Kite - Zerodha's fast and elegant flagship trading platform]
at org.testng.Assert.fail(Assert.java:99)
at org.testng.Assert.failNotEquals(Assert.java:1037)
at org.testng.Assert.assertEqualsImpl(Assert.java:140)
at org.testng.Assert.assertEquals(Assert.java:122)
at org.testng.Assert.assertEquals(Assert.java:629)
at org.testng.Assert.assertEquals(Assert.java:639)
at ComKiteQaTestCases.LoginPageTest.HomePageTitleTest(LoginPageTest.java:39)
at java.base/jdk.internal.reflect.DirectMethodHandleAccessor.invoke(DirectMethodHandleAccessor.java:104)
at java.base/java.lang.reflect.Method.invoke(Method.java:577)
at org.testng.internal.MethodInvocationHelper.invokeMethod(MethodInvocationHelper.java:133)
at org.testng.internal.TestInvoker.invokeMethod(TestInvoker.java:598)
at org.testng.internal.TestInvoker.invokeTestMethod(TestInvoker.java:173)
at org.testng.internal.MethodRunner.runInSequence(MethodRunner.java:46)
at org.testng.internal.TestInvoker$MethodInvocationAgent.invoke(TestInvoker.java:824)
at org.testng.internal.TestInvoker.invokeTestMethods(TestInvoker.java:146)
at org.testng.internal.TestMethodWorker.invokeTestMethods(TestMethodWorker.java:146)
at org.testng.internal.TestMethodWorker.run(TestMethodWorker.java:128)
at java.base/java.util.ArrayList.forEach(ArrayList.java:1511)
at org.testng.TestRunner.privateRun(TestRunner.java:794)
at org.testng.TestRunner.run(TestRunner.java:596)
at org.testng.SuiteRunner.runTest(SuiteRunner.java:377)
at org.testng.SuiteRunner.runSequentially(SuiteRunner.java:371)
at org.testng.SuiteRunner.privateRun(SuiteRunner.java:332)
at org.testng.SuiteRunner.run(SuiteRunner.java:276)
at org.testng.SuiteRunnerWorker.runSuite(SuiteRunnerWorker.java:53)
at org.testng.SuiteRunnerWorker.run(SuiteRunnerWorker.java:96)
at org.testng.TestNG.runSuitesSequentially(TestNG.java:1212)
at org.testng.TestNG.runSuitesLocally(TestNG.java:1134)
at org.testng.TestNG.runSuites(TestNG.java:1063)
at org.testng.TestNG.run(TestNG.java:1031)
at org.testng.remote.AbstractRemoteTestNG.run(AbstractRemoteTestNG.java:115)
at org.testng.remote.RemoteTestNG.initAndRun(RemoteTestNG.java:251)
at org.testng.remote.RemoteTestNG.main(RemoteTestNG.java:77)
]]>
            </full-stacktrace>
          </exception> <!-- java.lang.AssertionError -->
          <reporter-output>
          </reporter-output>
        </test-method> <!-- HomePageTitleTest -->
        <test-method is-config="true" signature="teardown()[pri:0, instance:ComKiteQaTestCases.LoginPageTest@6928f576]" started-at="2022-07-09T09:26:07 IST" name="teardown" finished-at="2022-07-09T09:26:11 IST" duration-ms="3242" status="PASS">
          <reporter-output>
          </reporter-output>
        </test-method> <!-- teardown -->
        <test-method is-config="true" signature="setup()[pri:0, instance:ComKiteQaTestCases.LoginPageTest@6928f576]" started-at="2022-07-09T09:26:11 IST" name="setup" finished-at="2022-07-09T09:26:14 IST" duration-ms="3722" status="PASS">
          <reporter-output>
          </reporter-output>
        </test-method> <!-- setup -->
        <test-method signature="KiteUserID()[pri:3, instance:ComKiteQaTestCases.LoginPageTest@6928f576]" started-at="2022-07-09T09:26:14 IST" name="KiteUserID" finished-at="2022-07-09T09:26:23 IST" duration-ms="9043" status="PASS">
          <reporter-output>
          </reporter-output>
        </test-method> <!-- KiteUserID -->
        <test-method is-config="true" signature="teardown()[pri:0, instance:ComKiteQaTestCases.LoginPageTest@6928f576]" started-at="2022-07-09T09:26:23 IST" name="teardown" finished-at="2022-07-09T09:26:27 IST" duration-ms="3272" status="PASS">
          <reporter-output>
          </reporter-output>
        </test-method> <!-- teardown -->
      </class> <!-- ComKiteQaTestCases.LoginPageTest -->
    </test> <!-- Test -->
  </suite> <!-- Suite -->
</testng-results>
